Using pre-set license
Built from '2020.3/staging' branch; Version is '2020.3.5f1 (8095aa901b9b) revision 8426922'; Using compiler version '192528614'; Build Type 'Release'
OS: 'Windows 10 Home; OS build 19041.928; Version 2004; 64bit' Language: 'en' Physical Memory: 16343 MB
BatchMode: 1, IsHumanControllingUs: 0, StartBugReporterOnCrash: 0, Is64bit: 1, IsPro: 0

 COMMAND LINE ARGUMENTS:
C:\Program Files\Unity\Hub\Editor\2020.3.5f1\Editor\Unity.exe
-adb2
-batchMode
-noUpm
-name
AssetImportWorker0
-projectPath
C:/Users/vovak/Documents/GitHub/Ludum-Dare-48
-logFile
Logs/AssetImportWorker0.log
-srvPort
58704
Successfully changed project path to: C:/Users/vovak/Documents/GitHub/Ludum-Dare-48
C:/Users/vovak/Documents/GitHub/Ludum-Dare-48
Using Asset Import Pipeline V2.
Refreshing native plugins compatible for Editor in 51.86 ms, found 0 plugins.
Preloading 0 native plugins for Editor in 0.00 ms.
Initialize engine version: 2020.3.5f1 (8095aa901b9b)
[Subsystems] Discovering subsystems at path C:/Program Files/Unity/Hub/Editor/2020.3.5f1/Editor/Data/Resources/UnitySubsystems
[Subsystems] Discovering subsystems at path C:/Users/vovak/Documents/GitHub/Ludum-Dare-48/Assets
GfxDevice: creating device client; threaded=0
Direct3D:
    Version:  Direct3D 11.0 [level 11.1]
    Renderer: NVIDIA GeForce GTX 1080 (ID=0x1b80)
    Vendor:   
    VRAM:     8079 MB
    Driver:   27.21.14.6589
Initialize mono
Mono path[0] = 'C:/Program Files/Unity/Hub/Editor/2020.3.5f1/Editor/Data/Managed'
Mono path[1] = 'C:/Program Files/Unity/Hub/Editor/2020.3.5f1/Editor/Data/MonoBleedingEdge/lib/mono/unityjit'
Mono config path = 'C:/Program Files/Unity/Hub/Editor/2020.3.5f1/Editor/Data/MonoBleedingEdge/etc'
Using monoOptions --debugger-agent=transport=dt_socket,embedding=1,server=y,suspend=n,address=127.0.0.1:56460
Begin MonoManager ReloadAssembly
Registering precompiled unity dll's ...
Register platform support module: C:/Program Files/Unity/Hub/Editor/2020.3.5f1/Editor/Data/PlaybackEngines/WindowsStandaloneSupport/UnityEditor.WindowsStandalone.Extensions.dll
Registered in 0.001381 seconds.
Native extension for WindowsStandalone target not found
Refreshing native plugins compatible for Editor in 49.73 ms, found 0 plugins.
Preloading 0 native plugins for Editor in 0.00 ms.
Mono: successfully reloaded assembly
- Completed reload, in  1.084 seconds
Platform modules already initialized, skipping
Registering precompiled user dll's ...
Registered in 0.001326 seconds.
Begin MonoManager ReloadAssembly
Native extension for WindowsStandalone target not found
Refreshing native plugins compatible for Editor in 51.67 ms, found 0 plugins.
Preloading 0 native plugins for Editor in 0.00 ms.
Mono: successfully reloaded assembly
- Completed reload, in  1.159 seconds
Platform modules already initialized, skipping
========================================================================
Worker process is ready to serve import requests
Shader 'Universal Render Pipeline/Particles/Lit': fallback shader 'Universal Render Pipeline/Particles/SimpleLit' not found
Shader 'Universal Render Pipeline/Particles/Lit': fallback shader 'Universal Render Pipeline/Particles/SimpleLit' not found
Launched and connected shader compiler UnityShaderCompiler.exe after 0.05 seconds
Refreshing native plugins compatible for Editor in 0.44 ms, found 0 plugins.
Preloading 0 native plugins for Editor in 0.00 ms.
Unloading 3003 Unused Serialized files (Serialized files now loaded: 0)
System memory in use before: 135.4 MB.
System memory in use after: 133.1 MB.

Unloading 38 unused Assets to reduce memory usage. Loaded Objects now: 3424.
Total: 3.105000 ms (FindLiveObjects: 0.276300 ms CreateObjectMapping: 0.169200 ms MarkObjects: 1.666200 ms  DeleteObjects: 0.992300 ms)

========================================================================
Received Import Request.
  path: Assets/Sound/swing.wav
  artifactKey: Guid(ee008024152260849803d1adc520b2bc) Importer(815301076,1909f56bfc062723c751e8b465ee728b)
Start importing Assets/Sound/swing.wav using Guid(ee008024152260849803d1adc520b2bc) Importer(815301076,1909f56bfc062723c751e8b465ee728b)  -> (artifact id: 'e93af2dde011a5acee1f31b33712ff58') in 0.104222 seconds
  Import took 0.109341 seconds .

========================================================================
Received Import Request.
  Time since last request: 10.428142 seconds.
  path: Assets/Sound/swing.wav
  artifactKey: Guid(ee008024152260849803d1adc520b2bc) Importer(815301076,1909f56bfc062723c751e8b465ee728b)
Start importing Assets/Sound/swing.wav using Guid(ee008024152260849803d1adc520b2bc) Importer(815301076,1909f56bfc062723c751e8b465ee728b)  -> (artifact id: 'bfd854136e728fe08ee9ca0631f8a777') in 0.038767 seconds
  Import took 0.046443 seconds .

========================================================================
Received Prepare
Registering precompiled user dll's ...
Registered in 0.001765 seconds.
Begin MonoManager ReloadAssembly
Native extension for WindowsStandalone target not found
Refreshing native plugins compatible for Editor in 0.44 ms, found 0 plugins.
Preloading 0 native plugins for Editor in 0.00 ms.
Mono: successfully reloaded assembly
- Completed reload, in  1.170 seconds
Platform modules already initialized, skipping
Shader 'Universal Render Pipeline/Particles/Lit': fallback shader 'Universal Render Pipeline/Particles/SimpleLit' not found
Shader 'Universal Render Pipeline/Particles/Lit': fallback shader 'Universal Render Pipeline/Particles/SimpleLit' not found
Refreshing native plugins compatible for Editor in 0.45 ms, found 0 plugins.
Preloading 0 native plugins for Editor in 0.00 ms.
Unloading 2900 Unused Serialized files (Serialized files now loaded: 0)
System memory in use before: 132.0 MB.
System memory in use after: 129.7 MB.

Unloading 33 unused Assets to reduce memory usage. Loaded Objects now: 3436.
Total: 3.154000 ms (FindLiveObjects: 0.349000 ms CreateObjectMapping: 0.157900 ms MarkObjects: 1.631600 ms  DeleteObjects: 1.013900 ms)

========================================================================
Received Prepare
Registering precompiled user dll's ...
Registered in 0.001277 seconds.
Begin MonoManager ReloadAssembly
Native extension for WindowsStandalone target not found
Refreshing native plugins compatible for Editor in 0.54 ms, found 0 plugins.
Preloading 0 native plugins for Editor in 0.00 ms.
Mono: successfully reloaded assembly
- Completed reload, in  1.265 seconds
Platform modules already initialized, skipping
Shader 'Universal Render Pipeline/Particles/Lit': fallback shader 'Universal Render Pipeline/Particles/SimpleLit' not found
Shader 'Universal Render Pipeline/Particles/Lit': fallback shader 'Universal Render Pipeline/Particles/SimpleLit' not found
Refreshing native plugins compatible for Editor in 0.49 ms, found 0 plugins.
Preloading 0 native plugins for Editor in 0.00 ms.
Unloading 2900 Unused Serialized files (Serialized files now loaded: 0)
System memory in use before: 132.0 MB.
System memory in use after: 129.8 MB.

Unloading 33 unused Assets to reduce memory usage. Loaded Objects now: 3439.
Total: 3.858800 ms (FindLiveObjects: 0.392700 ms CreateObjectMapping: 0.219400 ms MarkObjects: 2.008400 ms  DeleteObjects: 1.236500 ms)

========================================================================
Received Prepare
Registering precompiled user dll's ...
Registered in 0.001261 seconds.
Begin MonoManager ReloadAssembly
Native extension for WindowsStandalone target not found
Refreshing native plugins compatible for Editor in 0.44 ms, found 0 plugins.
Preloading 0 native plugins for Editor in 0.00 ms.
Mono: successfully reloaded assembly
- Completed reload, in  1.148 seconds
Platform modules already initialized, skipping
Shader 'Universal Render Pipeline/Particles/Lit': fallback shader 'Universal Render Pipeline/Particles/SimpleLit' not found
Shader 'Universal Render Pipeline/Particles/Lit': fallback shader 'Universal Render Pipeline/Particles/SimpleLit' not found
Refreshing native plugins compatible for Editor in 0.73 ms, found 0 plugins.
Preloading 0 native plugins for Editor in 0.00 ms.
Unloading 2900 Unused Serialized files (Serialized files now loaded: 0)
System memory in use before: 132.0 MB.
System memory in use after: 129.8 MB.

Unloading 33 unused Assets to reduce memory usage. Loaded Objects now: 3442.
Total: 5.101900 ms (FindLiveObjects: 0.456200 ms CreateObjectMapping: 0.230500 ms MarkObjects: 2.276000 ms  DeleteObjects: 2.137400 ms)

========================================================================
Received Import Request.
  Time since last request: 242.056210 seconds.
  path: Assets/Sound/swing.wav
  artifactKey: Guid(ee008024152260849803d1adc520b2bc) Importer(815301076,1909f56bfc062723c751e8b465ee728b)
Start importing Assets/Sound/swing.wav using Guid(ee008024152260849803d1adc520b2bc) Importer(815301076,1909f56bfc062723c751e8b465ee728b)  -> (artifact id: '860d32ae32525bb872bffc5b8c8290f6') in 0.089965 seconds
  Import took 0.097260 seconds .

========================================================================
Received Prepare
Registering precompiled user dll's ...
Registered in 0.002002 seconds.
Begin MonoManager ReloadAssembly
Native extension for WindowsStandalone target not found
Refreshing native plugins compatible for Editor in 0.47 ms, found 0 plugins.
Preloading 0 native plugins for Editor in 0.00 ms.
Mono: successfully reloaded assembly
- Completed reload, in  1.289 seconds
Platform modules already initialized, skipping
Shader 'Universal Render Pipeline/Particles/Lit': fallback shader 'Universal Render Pipeline/Particles/SimpleLit' not found
Shader 'Universal Render Pipeline/Particles/Lit': fallback shader 'Universal Render Pipeline/Particles/SimpleLit' not found
Refreshing native plugins compatible for Editor in 0.48 ms, found 0 plugins.
Preloading 0 native plugins for Editor in 0.00 ms.
Unloading 2900 Unused Serialized files (Serialized files now loaded: 0)
System memory in use before: 132.0 MB.
System memory in use after: 129.8 MB.

Unloading 33 unused Assets to reduce memory usage. Loaded Objects now: 3446.
Total: 3.793900 ms (FindLiveObjects: 0.384900 ms CreateObjectMapping: 0.239300 ms MarkObjects: 1.830300 ms  DeleteObjects: 1.337200 ms)

========================================================================
Received Prepare
Registering precompiled user dll's ...
Registered in 0.001376 seconds.
Begin MonoManager ReloadAssembly
Native extension for WindowsStandalone target not found
Refreshing native plugins compatible for Editor in 0.62 ms, found 0 plugins.
Preloading 0 native plugins for Editor in 0.00 ms.
Mono: successfully reloaded assembly
- Completed reload, in  1.172 seconds
Platform modules already initialized, skipping
Shader 'Universal Render Pipeline/Particles/Lit': fallback shader 'Universal Render Pipeline/Particles/SimpleLit' not found
Shader 'Universal Render Pipeline/Particles/Lit': fallback shader 'Universal Render Pipeline/Particles/SimpleLit' not found
Refreshing native plugins compatible for Editor in 0.72 ms, found 0 plugins.
Preloading 0 native plugins for Editor in 0.00 ms.
Unloading 2900 Unused Serialized files (Serialized files now loaded: 0)
System memory in use before: 132.1 MB.
System memory in use after: 129.8 MB.

Unloading 33 unused Assets to reduce memory usage. Loaded Objects now: 3449.
Total: 4.908000 ms (FindLiveObjects: 0.326400 ms CreateObjectMapping: 0.153900 ms MarkObjects: 2.735800 ms  DeleteObjects: 1.689800 ms)

========================================================================
Received Prepare
Registering precompiled user dll's ...
Registered in 0.001337 seconds.
Begin MonoManager ReloadAssembly
Native extension for WindowsStandalone target not found
Refreshing native plugins compatible for Editor in 0.46 ms, found 0 plugins.
Preloading 0 native plugins for Editor in 0.00 ms.
Mono: successfully reloaded assembly
- Completed reload, in  1.014 seconds
Platform modules already initialized, skipping
Shader 'Universal Render Pipeline/Particles/Lit': fallback shader 'Universal Render Pipeline/Particles/SimpleLit' not found
Shader 'Universal Render Pipeline/Particles/Lit': fallback shader 'Universal Render Pipeline/Particles/SimpleLit' not found
Refreshing native plugins compatible for Editor in 0.69 ms, found 0 plugins.
Preloading 0 native plugins for Editor in 0.00 ms.
Unloading 2900 Unused Serialized files (Serialized files now loaded: 0)
System memory in use before: 132.1 MB.
System memory in use after: 129.8 MB.

Unloading 33 unused Assets to reduce memory usage. Loaded Objects now: 3452.
Total: 8.840900 ms (FindLiveObjects: 0.888500 ms CreateObjectMapping: 0.427300 ms MarkObjects: 3.504100 ms  DeleteObjects: 4.018700 ms)

========================================================================
Received Prepare
Registering precompiled user dll's ...
Registered in 0.001369 seconds.
Begin MonoManager ReloadAssembly
Native extension for WindowsStandalone target not found
Refreshing native plugins compatible for Editor in 0.72 ms, found 0 plugins.
Preloading 0 native plugins for Editor in 0.00 ms.
Mono: successfully reloaded assembly
- Completed reload, in  1.086 seconds
Platform modules already initialized, skipping
Shader 'Universal Render Pipeline/Particles/Lit': fallback shader 'Universal Render Pipeline/Particles/SimpleLit' not found
Shader 'Universal Render Pipeline/Particles/Lit': fallback shader 'Universal Render Pipeline/Particles/SimpleLit' not found
Refreshing native plugins compatible for Editor in 0.56 ms, found 0 plugins.
Preloading 0 native plugins for Editor in 0.00 ms.
Unloading 2900 Unused Serialized files (Serialized files now loaded: 0)
System memory in use before: 132.1 MB.
System memory in use after: 129.8 MB.

Unloading 33 unused Assets to reduce memory usage. Loaded Objects now: 3455.
Total: 4.999300 ms (FindLiveObjects: 0.492700 ms CreateObjectMapping: 0.230400 ms MarkObjects: 2.530000 ms  DeleteObjects: 1.744600 ms)

========================================================================
Received Import Request.
  Time since last request: 740.929234 seconds.
  path: Assets/Scenes/MainGameplay.unity
  artifactKey: Guid(824f53a653c428e4199a8fce22badf44) Importer(815301076,1909f56bfc062723c751e8b465ee728b)
Start importing Assets/Scenes/MainGameplay.unity using Guid(824f53a653c428e4199a8fce22badf44) Importer(815301076,1909f56bfc062723c751e8b465ee728b)  -> (artifact id: 'bfce1cdc55153da282fa1730d7fd58fd') in 0.039461 seconds
  Import took 0.047298 seconds .

========================================================================
Received Prepare
Registering precompiled user dll's ...
Registered in 0.001230 seconds.
Begin MonoManager ReloadAssembly
Native extension for WindowsStandalone target not found
Refreshing native plugins compatible for Editor in 0.85 ms, found 0 plugins.
Preloading 0 native plugins for Editor in 0.00 ms.
Mono: successfully reloaded assembly
- Completed reload, in  1.125 seconds
Platform modules already initialized, skipping
Shader 'Universal Render Pipeline/Particles/Lit': fallback shader 'Universal Render Pipeline/Particles/SimpleLit' not found
Shader 'Universal Render Pipeline/Particles/Lit': fallback shader 'Universal Render Pipeline/Particles/SimpleLit' not found
Refreshing native plugins compatible for Editor in 0.43 ms, found 0 plugins.
Preloading 0 native plugins for Editor in 0.00 ms.
Unloading 2900 Unused Serialized files (Serialized files now loaded: 0)
System memory in use before: 132.1 MB.
System memory in use after: 129.9 MB.

Unloading 33 unused Assets to reduce memory usage. Loaded Objects now: 3458.
Total: 3.962500 ms (FindLiveObjects: 0.581200 ms CreateObjectMapping: 0.267200 ms MarkObjects: 1.860500 ms  DeleteObjects: 1.252100 ms)

========================================================================
Received Prepare
Registering precompiled user dll's ...
Registered in 0.001471 seconds.
Begin MonoManager ReloadAssembly
Native extension for WindowsStandalone target not found
Refreshing native plugins compatible for Editor in 0.43 ms, found 0 plugins.
Preloading 0 native plugins for Editor in 0.00 ms.
Mono: successfully reloaded assembly
- Completed reload, in  0.886 seconds
Platform modules already initialized, skipping
Shader 'Universal Render Pipeline/Particles/Lit': fallback shader 'Universal Render Pipeline/Particles/SimpleLit' not found
Shader 'Universal Render Pipeline/Particles/Lit': fallback shader 'Universal Render Pipeline/Particles/SimpleLit' not found
Refreshing native plugins compatible for Editor in 0.46 ms, found 0 plugins.
Preloading 0 native plugins for Editor in 0.00 ms.
Unloading 2900 Unused Serialized files (Serialized files now loaded: 0)
System memory in use before: 132.1 MB.
System memory in use after: 129.9 MB.

Unloading 33 unused Assets to reduce memory usage. Loaded Objects now: 3461.
Total: 3.779400 ms (FindLiveObjects: 0.427500 ms CreateObjectMapping: 0.167800 ms MarkObjects: 1.880900 ms  DeleteObjects: 1.301700 ms)

========================================================================
Received Import Request.
  Time since last request: 214.501089 seconds.
  path: Assets/Scenes/MainGameplay.unity
  artifactKey: Guid(824f53a653c428e4199a8fce22badf44) Importer(815301076,1909f56bfc062723c751e8b465ee728b)
Start importing Assets/Scenes/MainGameplay.unity using Guid(824f53a653c428e4199a8fce22badf44) Importer(815301076,1909f56bfc062723c751e8b465ee728b)  -> (artifact id: 'c0ceb21323db2f6f5f606400c4d7a0f3') in 0.012151 seconds
  Import took 0.017256 seconds .

========================================================================
Received Prepare
Registering precompiled user dll's ...
Registered in 0.001406 seconds.
Begin MonoManager ReloadAssembly
Native extension for WindowsStandalone target not found
Refreshing native plugins compatible for Editor in 0.45 ms, found 0 plugins.
Preloading 0 native plugins for Editor in 0.00 ms.
Mono: successfully reloaded assembly
- Completed reload, in  0.906 seconds
Platform modules already initialized, skipping
Shader 'Universal Render Pipeline/Particles/Lit': fallback shader 'Universal Render Pipeline/Particles/SimpleLit' not found
Shader 'Universal Render Pipeline/Particles/Lit': fallback shader 'Universal Render Pipeline/Particles/SimpleLit' not found
Refreshing native plugins compatible for Editor in 0.77 ms, found 0 plugins.
Preloading 0 native plugins for Editor in 0.00 ms.
Unloading 2900 Unused Serialized files (Serialized files now loaded: 0)
System memory in use before: 132.1 MB.
System memory in use after: 129.9 MB.

Unloading 33 unused Assets to reduce memory usage. Loaded Objects now: 3464.
Total: 6.058500 ms (FindLiveObjects: 0.516800 ms CreateObjectMapping: 0.224300 ms MarkObjects: 3.131900 ms  DeleteObjects: 2.183600 ms)

AssetImportWorkerClient::OnTransportError - code=2 error=End of file
