Using pre-set license
Built from '2020.3/staging' branch; Version is '2020.3.5f1 (8095aa901b9b) revision 8426922'; Using compiler version '192528614'; Build Type 'Release'
OS: 'Windows 10 Home; OS build 19041.928; Version 2004; 64bit' Language: 'en' Physical Memory: 16343 MB
BatchMode: 1, IsHumanControllingUs: 0, StartBugReporterOnCrash: 0, Is64bit: 1, IsPro: 0

 COMMAND LINE ARGUMENTS:
C:\Program Files\Unity\Hub\Editor\2020.3.5f1\Editor\Unity.exe
-adb2
-batchMode
-noUpm
-name
AssetImportWorker0
-projectPath
C:/Users/vovak/Documents/Ludum Dare 48/Ludum Dare 48
-logFile
Logs/AssetImportWorker0.log
-srvPort
50038
Successfully changed project path to: C:/Users/vovak/Documents/Ludum Dare 48/Ludum Dare 48
C:/Users/vovak/Documents/Ludum Dare 48/Ludum Dare 48
Using Asset Import Pipeline V2.
Refreshing native plugins compatible for Editor in 63.17 ms, found 0 plugins.
Preloading 0 native plugins for Editor in 0.00 ms.
Initialize engine version: 2020.3.5f1 (8095aa901b9b)
[Subsystems] Discovering subsystems at path C:/Program Files/Unity/Hub/Editor/2020.3.5f1/Editor/Data/Resources/UnitySubsystems
[Subsystems] Discovering subsystems at path C:/Users/vovak/Documents/Ludum Dare 48/Ludum Dare 48/Assets
GfxDevice: creating device client; threaded=0
Direct3D:
    Version:  Direct3D 11.0 [level 11.1]
    Renderer: NVIDIA GeForce GTX 1080 (ID=0x1b80)
    Vendor:   
    VRAM:     8079 MB
    Driver:   27.21.14.6589
Initialize mono
Mono path[0] = 'C:/Program Files/Unity/Hub/Editor/2020.3.5f1/Editor/Data/Managed'
Mono path[1] = 'C:/Program Files/Unity/Hub/Editor/2020.3.5f1/Editor/Data/MonoBleedingEdge/lib/mono/unityjit'
Mono config path = 'C:/Program Files/Unity/Hub/Editor/2020.3.5f1/Editor/Data/MonoBleedingEdge/etc'
Using monoOptions --debugger-agent=transport=dt_socket,embedding=1,server=y,suspend=n,address=127.0.0.1:56884
Begin MonoManager ReloadAssembly
Registering precompiled unity dll's ...
Register platform support module: C:/Program Files/Unity/Hub/Editor/2020.3.5f1/Editor/Data/PlaybackEngines/WindowsStandaloneSupport/UnityEditor.WindowsStandalone.Extensions.dll
Registered in 0.001482 seconds.
Native extension for WindowsStandalone target not found
Refreshing native plugins compatible for Editor in 53.47 ms, found 0 plugins.
Preloading 0 native plugins for Editor in 0.00 ms.
Mono: successfully reloaded assembly
- Completed reload, in  0.960 seconds
Platform modules already initialized, skipping
Registering precompiled user dll's ...
Registered in 0.001668 seconds.
Begin MonoManager ReloadAssembly
Native extension for WindowsStandalone target not found
Refreshing native plugins compatible for Editor in 50.51 ms, found 0 plugins.
Preloading 0 native plugins for Editor in 0.00 ms.
Mono: successfully reloaded assembly
- Completed reload, in  0.987 seconds
Platform modules already initialized, skipping
========================================================================
Worker process is ready to serve import requests
Shader 'Universal Render Pipeline/Particles/Lit': fallback shader 'Universal Render Pipeline/Particles/SimpleLit' not found
Shader 'Universal Render Pipeline/Particles/Lit': fallback shader 'Universal Render Pipeline/Particles/SimpleLit' not found
Launched and connected shader compiler UnityShaderCompiler.exe after 0.04 seconds
Refreshing native plugins compatible for Editor in 0.47 ms, found 0 plugins.
Preloading 0 native plugins for Editor in 0.00 ms.
Unloading 2963 Unused Serialized files (Serialized files now loaded: 0)
System memory in use before: 133.7 MB.
System memory in use after: 131.4 MB.

Unloading 38 unused Assets to reduce memory usage. Loaded Objects now: 3384.
Total: 2.999100 ms (FindLiveObjects: 0.265900 ms CreateObjectMapping: 0.145000 ms MarkObjects: 1.542000 ms  DeleteObjects: 1.045400 ms)

========================================================================
Received Import Request.
  path: Assets/Scenes/MainGameplay.unity
  artifactKey: Guid(824f53a653c428e4199a8fce22badf44) Importer(815301076,1909f56bfc062723c751e8b465ee728b)
Start importing Assets/Scenes/MainGameplay.unity using Guid(824f53a653c428e4199a8fce22badf44) Importer(815301076,1909f56bfc062723c751e8b465ee728b)  -> (artifact id: '0c9860d7b669e63951c2ea0a8d795905') in 0.014774 seconds
  Import took 0.018927 seconds .

========================================================================
Received Import Request.
  Time since last request: 179.869616 seconds.
  path: Assets/EnemyBehavior.cs
  artifactKey: Guid(3d528f9e7a4972240a393dbddcae9ae0) Importer(815301076,1909f56bfc062723c751e8b465ee728b)
Start importing Assets/EnemyBehavior.cs using Guid(3d528f9e7a4972240a393dbddcae9ae0) Importer(815301076,1909f56bfc062723c751e8b465ee728b)  -> (artifact id: 'b6481ac927fb9d26c3b828049ae31c5f') in 0.051792 seconds
  Import took 0.058842 seconds .

========================================================================
Received Prepare
Registering precompiled user dll's ...
Registered in 0.001855 seconds.
Begin MonoManager ReloadAssembly
Native extension for WindowsStandalone target not found
Refreshing native plugins compatible for Editor in 0.42 ms, found 0 plugins.
Preloading 0 native plugins for Editor in 0.00 ms.
Mono: successfully reloaded assembly
- Completed reload, in  0.971 seconds
Platform modules already initialized, skipping
Shader 'Universal Render Pipeline/Particles/Lit': fallback shader 'Universal Render Pipeline/Particles/SimpleLit' not found
Shader 'Universal Render Pipeline/Particles/Lit': fallback shader 'Universal Render Pipeline/Particles/SimpleLit' not found
Refreshing native plugins compatible for Editor in 0.53 ms, found 0 plugins.
Preloading 0 native plugins for Editor in 0.00 ms.
Unloading 2860 Unused Serialized files (Serialized files now loaded: 0)
System memory in use before: 127.2 MB.
System memory in use after: 125.0 MB.

Unloading 33 unused Assets to reduce memory usage. Loaded Objects now: 3387.
Total: 3.323100 ms (FindLiveObjects: 0.321100 ms CreateObjectMapping: 0.158500 ms MarkObjects: 1.713200 ms  DeleteObjects: 1.128900 ms)

========================================================================
Received Import Request.
  Time since last request: 81.062292 seconds.
  path: Assets/EnemyBehavior.cs
  artifactKey: Guid(3d528f9e7a4972240a393dbddcae9ae0) Importer(815301076,1909f56bfc062723c751e8b465ee728b)
Start importing Assets/EnemyBehavior.cs using Guid(3d528f9e7a4972240a393dbddcae9ae0) Importer(815301076,1909f56bfc062723c751e8b465ee728b)  -> (artifact id: 'f5411c97bdd488aad79caf7da9c99fed') in 0.008662 seconds
  Import took 0.013762 seconds .

========================================================================
Received Prepare
Registering precompiled user dll's ...
Registered in 0.001271 seconds.
Begin MonoManager ReloadAssembly
Native extension for WindowsStandalone target not found
Refreshing native plugins compatible for Editor in 0.43 ms, found 0 plugins.
Preloading 0 native plugins for Editor in 0.00 ms.
Mono: successfully reloaded assembly
- Completed reload, in  0.943 seconds
Platform modules already initialized, skipping
Shader 'Universal Render Pipeline/Particles/Lit': fallback shader 'Universal Render Pipeline/Particles/SimpleLit' not found
Shader 'Universal Render Pipeline/Particles/Lit': fallback shader 'Universal Render Pipeline/Particles/SimpleLit' not found
Refreshing native plugins compatible for Editor in 0.48 ms, found 0 plugins.
Preloading 0 native plugins for Editor in 0.00 ms.
Unloading 2860 Unused Serialized files (Serialized files now loaded: 0)
System memory in use before: 127.3 MB.
System memory in use after: 125.1 MB.

Unloading 33 unused Assets to reduce memory usage. Loaded Objects now: 3390.
Total: 4.880200 ms (FindLiveObjects: 0.344300 ms CreateObjectMapping: 0.258500 ms MarkObjects: 2.566800 ms  DeleteObjects: 1.709100 ms)

========================================================================
Received Prepare
Registering precompiled user dll's ...
Registered in 0.001708 seconds.
Begin MonoManager ReloadAssembly
Native extension for WindowsStandalone target not found
Refreshing native plugins compatible for Editor in 0.45 ms, found 0 plugins.
Preloading 0 native plugins for Editor in 0.00 ms.
Mono: successfully reloaded assembly
- Completed reload, in  0.893 seconds
Platform modules already initialized, skipping
Shader 'Universal Render Pipeline/Particles/Lit': fallback shader 'Universal Render Pipeline/Particles/SimpleLit' not found
Shader 'Universal Render Pipeline/Particles/Lit': fallback shader 'Universal Render Pipeline/Particles/SimpleLit' not found
Refreshing native plugins compatible for Editor in 0.67 ms, found 0 plugins.
Preloading 0 native plugins for Editor in 0.00 ms.
Unloading 2860 Unused Serialized files (Serialized files now loaded: 0)
System memory in use before: 127.3 MB.
System memory in use after: 125.1 MB.

Unloading 33 unused Assets to reduce memory usage. Loaded Objects now: 3393.
Total: 5.696600 ms (FindLiveObjects: 0.578600 ms CreateObjectMapping: 0.307100 ms MarkObjects: 3.105000 ms  DeleteObjects: 1.703700 ms)

========================================================================
Received Prepare
Registering precompiled user dll's ...
Registered in 0.001223 seconds.
Begin MonoManager ReloadAssembly
Native extension for WindowsStandalone target not found
Refreshing native plugins compatible for Editor in 0.47 ms, found 0 plugins.
Preloading 0 native plugins for Editor in 0.00 ms.
Mono: successfully reloaded assembly
- Completed reload, in  0.881 seconds
Platform modules already initialized, skipping
Shader 'Universal Render Pipeline/Particles/Lit': fallback shader 'Universal Render Pipeline/Particles/SimpleLit' not found
Shader 'Universal Render Pipeline/Particles/Lit': fallback shader 'Universal Render Pipeline/Particles/SimpleLit' not found
Refreshing native plugins compatible for Editor in 0.42 ms, found 0 plugins.
Preloading 0 native plugins for Editor in 0.00 ms.
Unloading 2860 Unused Serialized files (Serialized files now loaded: 0)
System memory in use before: 127.3 MB.
System memory in use after: 125.1 MB.

Unloading 33 unused Assets to reduce memory usage. Loaded Objects now: 3396.
Total: 3.391000 ms (FindLiveObjects: 0.295600 ms CreateObjectMapping: 0.113600 ms MarkObjects: 1.812100 ms  DeleteObjects: 1.168300 ms)

========================================================================
Received Prepare
Registering precompiled user dll's ...
Registered in 0.001237 seconds.
Begin MonoManager ReloadAssembly
Native extension for WindowsStandalone target not found
Refreshing native plugins compatible for Editor in 0.57 ms, found 0 plugins.
Preloading 0 native plugins for Editor in 0.00 ms.
Mono: successfully reloaded assembly
- Completed reload, in  1.009 seconds
Platform modules already initialized, skipping
Shader 'Universal Render Pipeline/Particles/Lit': fallback shader 'Universal Render Pipeline/Particles/SimpleLit' not found
Shader 'Universal Render Pipeline/Particles/Lit': fallback shader 'Universal Render Pipeline/Particles/SimpleLit' not found
Refreshing native plugins compatible for Editor in 0.52 ms, found 0 plugins.
Preloading 0 native plugins for Editor in 0.00 ms.
Unloading 2860 Unused Serialized files (Serialized files now loaded: 0)
System memory in use before: 127.4 MB.
System memory in use after: 125.1 MB.

Unloading 33 unused Assets to reduce memory usage. Loaded Objects now: 3399.
Total: 4.823700 ms (FindLiveObjects: 0.304900 ms CreateObjectMapping: 0.139900 ms MarkObjects: 2.530700 ms  DeleteObjects: 1.846600 ms)

========================================================================
Received Prepare
Registering precompiled user dll's ...
Registered in 0.001210 seconds.
Begin MonoManager ReloadAssembly
Native extension for WindowsStandalone target not found
Refreshing native plugins compatible for Editor in 0.43 ms, found 0 plugins.
Preloading 0 native plugins for Editor in 0.00 ms.
Mono: successfully reloaded assembly
- Completed reload, in  0.906 seconds
Platform modules already initialized, skipping
Shader 'Universal Render Pipeline/Particles/Lit': fallback shader 'Universal Render Pipeline/Particles/SimpleLit' not found
Shader 'Universal Render Pipeline/Particles/Lit': fallback shader 'Universal Render Pipeline/Particles/SimpleLit' not found
Refreshing native plugins compatible for Editor in 0.42 ms, found 0 plugins.
Preloading 0 native plugins for Editor in 0.00 ms.
Unloading 2860 Unused Serialized files (Serialized files now loaded: 0)
System memory in use before: 127.4 MB.
System memory in use after: 125.1 MB.

Unloading 33 unused Assets to reduce memory usage. Loaded Objects now: 3402.
Total: 5.235000 ms (FindLiveObjects: 0.441300 ms CreateObjectMapping: 0.193200 ms MarkObjects: 3.176400 ms  DeleteObjects: 1.421900 ms)

========================================================================
Received Prepare
Registering precompiled user dll's ...
Registered in 0.001706 seconds.
Begin MonoManager ReloadAssembly
Native extension for WindowsStandalone target not found
Refreshing native plugins compatible for Editor in 0.68 ms, found 0 plugins.
Preloading 0 native plugins for Editor in 0.00 ms.
Mono: successfully reloaded assembly
- Completed reload, in  0.968 seconds
Platform modules already initialized, skipping
Shader 'Universal Render Pipeline/Particles/Lit': fallback shader 'Universal Render Pipeline/Particles/SimpleLit' not found
Shader 'Universal Render Pipeline/Particles/Lit': fallback shader 'Universal Render Pipeline/Particles/SimpleLit' not found
Refreshing native plugins compatible for Editor in 0.62 ms, found 0 plugins.
Preloading 0 native plugins for Editor in 0.00 ms.
Unloading 2860 Unused Serialized files (Serialized files now loaded: 0)
System memory in use before: 127.3 MB.
System memory in use after: 125.1 MB.

Unloading 33 unused Assets to reduce memory usage. Loaded Objects now: 3405.
Total: 5.319400 ms (FindLiveObjects: 0.522800 ms CreateObjectMapping: 0.399900 ms MarkObjects: 2.127300 ms  DeleteObjects: 2.268100 ms)

========================================================================
Received Prepare
Registering precompiled user dll's ...
Registered in 0.001259 seconds.
Begin MonoManager ReloadAssembly
Native extension for WindowsStandalone target not found
Refreshing native plugins compatible for Editor in 0.42 ms, found 0 plugins.
Preloading 0 native plugins for Editor in 0.00 ms.
Mono: successfully reloaded assembly
- Completed reload, in  0.882 seconds
Platform modules already initialized, skipping
Shader 'Universal Render Pipeline/Particles/Lit': fallback shader 'Universal Render Pipeline/Particles/SimpleLit' not found
Shader 'Universal Render Pipeline/Particles/Lit': fallback shader 'Universal Render Pipeline/Particles/SimpleLit' not found
Refreshing native plugins compatible for Editor in 0.43 ms, found 0 plugins.
Preloading 0 native plugins for Editor in 0.00 ms.
Unloading 2860 Unused Serialized files (Serialized files now loaded: 0)
System memory in use before: 127.3 MB.
System memory in use after: 125.1 MB.

Unloading 33 unused Assets to reduce memory usage. Loaded Objects now: 3408.
Total: 4.360400 ms (FindLiveObjects: 0.445700 ms CreateObjectMapping: 0.181700 ms MarkObjects: 2.115500 ms  DeleteObjects: 1.615800 ms)

========================================================================
Received Prepare
Registering precompiled user dll's ...
Registered in 0.001789 seconds.
Begin MonoManager ReloadAssembly
Native extension for WindowsStandalone target not found
Refreshing native plugins compatible for Editor in 0.44 ms, found 0 plugins.
Preloading 0 native plugins for Editor in 0.00 ms.
Mono: successfully reloaded assembly
- Completed reload, in  0.875 seconds
Platform modules already initialized, skipping
Shader 'Universal Render Pipeline/Particles/Lit': fallback shader 'Universal Render Pipeline/Particles/SimpleLit' not found
Shader 'Universal Render Pipeline/Particles/Lit': fallback shader 'Universal Render Pipeline/Particles/SimpleLit' not found
Refreshing native plugins compatible for Editor in 0.42 ms, found 0 plugins.
Preloading 0 native plugins for Editor in 0.00 ms.
Unloading 2861 Unused Serialized files (Serialized files now loaded: 0)
System memory in use before: 127.4 MB.
System memory in use after: 125.2 MB.

Unloading 33 unused Assets to reduce memory usage. Loaded Objects now: 3412.
Total: 3.775100 ms (FindLiveObjects: 0.280000 ms CreateObjectMapping: 0.144200 ms MarkObjects: 2.020600 ms  DeleteObjects: 1.329300 ms)

========================================================================
Received Prepare
Registering precompiled user dll's ...
Registered in 0.001405 seconds.
Begin MonoManager ReloadAssembly
Native extension for WindowsStandalone target not found
Refreshing native plugins compatible for Editor in 0.43 ms, found 0 plugins.
Preloading 0 native plugins for Editor in 0.00 ms.
Mono: successfully reloaded assembly
- Completed reload, in  0.925 seconds
Platform modules already initialized, skipping
Shader 'Universal Render Pipeline/Particles/Lit': fallback shader 'Universal Render Pipeline/Particles/SimpleLit' not found
Shader 'Universal Render Pipeline/Particles/Lit': fallback shader 'Universal Render Pipeline/Particles/SimpleLit' not found
Refreshing native plugins compatible for Editor in 0.46 ms, found 0 plugins.
Preloading 0 native plugins for Editor in 0.00 ms.
Unloading 2861 Unused Serialized files (Serialized files now loaded: 0)
System memory in use before: 127.4 MB.
System memory in use after: 125.2 MB.

Unloading 33 unused Assets to reduce memory usage. Loaded Objects now: 3415.
Total: 3.978800 ms (FindLiveObjects: 0.533000 ms CreateObjectMapping: 0.258100 ms MarkObjects: 1.927300 ms  DeleteObjects: 1.258900 ms)

========================================================================
Received Import Request.
  Time since last request: 1073.433786 seconds.
  path: Assets/VFX/Death Pixels.vfx
  artifactKey: Guid(8427528ac33610b40abddb989ed2e332) Importer(815301076,1909f56bfc062723c751e8b465ee728b)
Start importing Assets/VFX/Death Pixels.vfx using Guid(8427528ac33610b40abddb989ed2e332) Importer(815301076,1909f56bfc062723c751e8b465ee728b)  -> (artifact id: '984da28805782665d3dfad62dc23184b') in 0.023431 seconds
  Import took 0.029634 seconds .

========================================================================
Received Import Request.
  Time since last request: 0.026755 seconds.
  path: Assets/VFX/Death Pixels.vfx
  artifactKey: Guid(8427528ac33610b40abddb989ed2e332) Importer(815301076,1909f56bfc062723c751e8b465ee728b)
Start importing Assets/VFX/Death Pixels.vfx using Guid(8427528ac33610b40abddb989ed2e332) Importer(815301076,1909f56bfc062723c751e8b465ee728b)  -> (artifact id: '984da28805782665d3dfad62dc23184b') in 0.004566 seconds
  Import took 0.009322 seconds .

========================================================================
Received Import Request.
  Time since last request: 61.850403 seconds.
  path: Assets/VFX/Death Pixels.vfx
  artifactKey: Guid(8427528ac33610b40abddb989ed2e332) Importer(815301076,1909f56bfc062723c751e8b465ee728b)
Start importing Assets/VFX/Death Pixels.vfx using Guid(8427528ac33610b40abddb989ed2e332) Importer(815301076,1909f56bfc062723c751e8b465ee728b)  -> (artifact id: 'd7c27d6228bfa7695ba9def4a94a7ceb') in 0.003645 seconds
  Import took 0.008906 seconds .

========================================================================
Received Import Request.
  Time since last request: 0.016069 seconds.
  path: Assets/VFX/Death Pixels.vfx
  artifactKey: Guid(8427528ac33610b40abddb989ed2e332) Importer(815301076,1909f56bfc062723c751e8b465ee728b)
Start importing Assets/VFX/Death Pixels.vfx using Guid(8427528ac33610b40abddb989ed2e332) Importer(815301076,1909f56bfc062723c751e8b465ee728b)  -> (artifact id: 'd7c27d6228bfa7695ba9def4a94a7ceb') in 0.003485 seconds
  Import took 0.009045 seconds .

========================================================================
Received Import Request.
  Time since last request: 10.094656 seconds.
  path: Assets/VFX/Death Pixels.vfx
  artifactKey: Guid(8427528ac33610b40abddb989ed2e332) Importer(815301076,1909f56bfc062723c751e8b465ee728b)
Start importing Assets/VFX/Death Pixels.vfx using Guid(8427528ac33610b40abddb989ed2e332) Importer(815301076,1909f56bfc062723c751e8b465ee728b)  -> (artifact id: 'aff61ed0bac2720075846ddf99711a50') in 0.003828 seconds
  Import took 0.008681 seconds .

========================================================================
Received Import Request.
  Time since last request: 0.009962 seconds.
  path: Assets/VFX/Death Pixels.vfx
  artifactKey: Guid(8427528ac33610b40abddb989ed2e332) Importer(815301076,1909f56bfc062723c751e8b465ee728b)
Start importing Assets/VFX/Death Pixels.vfx using Guid(8427528ac33610b40abddb989ed2e332) Importer(815301076,1909f56bfc062723c751e8b465ee728b)  -> (artifact id: 'aff61ed0bac2720075846ddf99711a50') in 0.003678 seconds
  Import took 0.009019 seconds .

========================================================================
Received Import Request.
  Time since last request: 2.371981 seconds.
  path: Assets/VFX/Death Pixels.vfx
  artifactKey: Guid(8427528ac33610b40abddb989ed2e332) Importer(815301076,1909f56bfc062723c751e8b465ee728b)
Start importing Assets/VFX/Death Pixels.vfx using Guid(8427528ac33610b40abddb989ed2e332) Importer(815301076,1909f56bfc062723c751e8b465ee728b)  -> (artifact id: 'b4819de4cedf6b11521370835380981e') in 0.005007 seconds
  Import took 0.010463 seconds .

========================================================================
Received Import Request.
  Time since last request: 0.011426 seconds.
  path: Assets/VFX/Death Pixels.vfx
  artifactKey: Guid(8427528ac33610b40abddb989ed2e332) Importer(815301076,1909f56bfc062723c751e8b465ee728b)
Start importing Assets/VFX/Death Pixels.vfx using Guid(8427528ac33610b40abddb989ed2e332) Importer(815301076,1909f56bfc062723c751e8b465ee728b)  -> (artifact id: 'b4819de4cedf6b11521370835380981e') in 0.005760 seconds
  Import took 0.011949 seconds .

========================================================================
Received Import Request.
  Time since last request: 8.519716 seconds.
  path: Assets/VFX/Death Pixels.vfx
  artifactKey: Guid(8427528ac33610b40abddb989ed2e332) Importer(815301076,1909f56bfc062723c751e8b465ee728b)
Start importing Assets/VFX/Death Pixels.vfx using Guid(8427528ac33610b40abddb989ed2e332) Importer(815301076,1909f56bfc062723c751e8b465ee728b)  -> (artifact id: '256476f0200e743546abcd222c3b2b10') in 0.003429 seconds
  Import took 0.007721 seconds .

========================================================================
Received Import Request.
  Time since last request: 0.014102 seconds.
  path: Assets/VFX/Death Pixels.vfx
  artifactKey: Guid(8427528ac33610b40abddb989ed2e332) Importer(815301076,1909f56bfc062723c751e8b465ee728b)
Start importing Assets/VFX/Death Pixels.vfx using Guid(8427528ac33610b40abddb989ed2e332) Importer(815301076,1909f56bfc062723c751e8b465ee728b)  -> (artifact id: '256476f0200e743546abcd222c3b2b10') in 0.006434 seconds
  Import took 0.011959 seconds .

========================================================================
Received Import Request.
  Time since last request: 64.869752 seconds.
  path: Assets/VFX/Death Pixels.vfx
  artifactKey: Guid(8427528ac33610b40abddb989ed2e332) Importer(815301076,1909f56bfc062723c751e8b465ee728b)
Start importing Assets/VFX/Death Pixels.vfx using Guid(8427528ac33610b40abddb989ed2e332) Importer(815301076,1909f56bfc062723c751e8b465ee728b)  -> (artifact id: 'ac89c6b372020e6d52fc586a88bce236') in 0.004714 seconds
  Import took 0.010363 seconds .

========================================================================
Received Import Request.
  Time since last request: 0.014152 seconds.
  path: Assets/VFX/Death Pixels.vfx
  artifactKey: Guid(8427528ac33610b40abddb989ed2e332) Importer(815301076,1909f56bfc062723c751e8b465ee728b)
Start importing Assets/VFX/Death Pixels.vfx using Guid(8427528ac33610b40abddb989ed2e332) Importer(815301076,1909f56bfc062723c751e8b465ee728b)  -> (artifact id: 'ac89c6b372020e6d52fc586a88bce236') in 0.003734 seconds
  Import took 0.009863 seconds .

========================================================================
Received Import Request.
  Time since last request: 34.285731 seconds.
  path: Assets/VFX/Death Pixels.vfx
  artifactKey: Guid(8427528ac33610b40abddb989ed2e332) Importer(815301076,1909f56bfc062723c751e8b465ee728b)
Start importing Assets/VFX/Death Pixels.vfx using Guid(8427528ac33610b40abddb989ed2e332) Importer(815301076,1909f56bfc062723c751e8b465ee728b)  -> (artifact id: 'f31348b0964e942194854fadb3f2b4af') in 0.003418 seconds
  Import took 0.009135 seconds .

========================================================================
Received Import Request.
  Time since last request: 0.010615 seconds.
  path: Assets/VFX/Death Pixels.vfx
  artifactKey: Guid(8427528ac33610b40abddb989ed2e332) Importer(815301076,1909f56bfc062723c751e8b465ee728b)
Start importing Assets/VFX/Death Pixels.vfx using Guid(8427528ac33610b40abddb989ed2e332) Importer(815301076,1909f56bfc062723c751e8b465ee728b)  -> (artifact id: 'f31348b0964e942194854fadb3f2b4af') in 0.004215 seconds
  Import took 0.010318 seconds .

========================================================================
Received Import Request.
  Time since last request: 38.511554 seconds.
  path: Assets/VFX/Death Pixels.vfx
  artifactKey: Guid(8427528ac33610b40abddb989ed2e332) Importer(815301076,1909f56bfc062723c751e8b465ee728b)
Start importing Assets/VFX/Death Pixels.vfx using Guid(8427528ac33610b40abddb989ed2e332) Importer(815301076,1909f56bfc062723c751e8b465ee728b)  -> (artifact id: '9437499d2fb75f069bbd42d2f0e9c528') in 0.003404 seconds
  Import took 0.008948 seconds .

========================================================================
Received Import Request.
  Time since last request: 0.016270 seconds.
  path: Assets/VFX/Death Pixels.vfx
  artifactKey: Guid(8427528ac33610b40abddb989ed2e332) Importer(815301076,1909f56bfc062723c751e8b465ee728b)
Start importing Assets/VFX/Death Pixels.vfx using Guid(8427528ac33610b40abddb989ed2e332) Importer(815301076,1909f56bfc062723c751e8b465ee728b)  -> (artifact id: '9437499d2fb75f069bbd42d2f0e9c528') in 0.005215 seconds
  Import took 0.012380 seconds .

========================================================================
Received Import Request.
  Time since last request: 1.967778 seconds.
  path: Assets/VFX/Death Pixels.vfx
  artifactKey: Guid(8427528ac33610b40abddb989ed2e332) Importer(815301076,1909f56bfc062723c751e8b465ee728b)
Start importing Assets/VFX/Death Pixels.vfx using Guid(8427528ac33610b40abddb989ed2e332) Importer(815301076,1909f56bfc062723c751e8b465ee728b)  -> (artifact id: 'e8bba42bdab789ff92250cbf05d15694') in 0.003537 seconds
  Import took 0.008807 seconds .

========================================================================
Received Import Request.
  Time since last request: 0.010481 seconds.
  path: Assets/VFX/Death Pixels.vfx
  artifactKey: Guid(8427528ac33610b40abddb989ed2e332) Importer(815301076,1909f56bfc062723c751e8b465ee728b)
Start importing Assets/VFX/Death Pixels.vfx using Guid(8427528ac33610b40abddb989ed2e332) Importer(815301076,1909f56bfc062723c751e8b465ee728b)  -> (artifact id: 'e8bba42bdab789ff92250cbf05d15694') in 0.006326 seconds
  Import took 0.011805 seconds .

========================================================================
Received Import Request.
  Time since last request: 20.252885 seconds.
  path: Assets/VFX/Death Pixels.vfx
  artifactKey: Guid(8427528ac33610b40abddb989ed2e332) Importer(815301076,1909f56bfc062723c751e8b465ee728b)
Start importing Assets/VFX/Death Pixels.vfx using Guid(8427528ac33610b40abddb989ed2e332) Importer(815301076,1909f56bfc062723c751e8b465ee728b)  -> (artifact id: '6cdfb2c53eb3863bb266c9de5820cd16') in 0.003358 seconds
  Import took 0.008426 seconds .

========================================================================
Received Import Request.
  Time since last request: 0.019568 seconds.
  path: Assets/VFX/Death Pixels.vfx
  artifactKey: Guid(8427528ac33610b40abddb989ed2e332) Importer(815301076,1909f56bfc062723c751e8b465ee728b)
Start importing Assets/VFX/Death Pixels.vfx using Guid(8427528ac33610b40abddb989ed2e332) Importer(815301076,1909f56bfc062723c751e8b465ee728b)  -> (artifact id: '6cdfb2c53eb3863bb266c9de5820cd16') in 0.004466 seconds
  Import took 0.010053 seconds .

========================================================================
Received Import Request.
  Time since last request: 25.405886 seconds.
  path: Assets/VFX/Death Pixels.vfx
  artifactKey: Guid(8427528ac33610b40abddb989ed2e332) Importer(815301076,1909f56bfc062723c751e8b465ee728b)
Start importing Assets/VFX/Death Pixels.vfx using Guid(8427528ac33610b40abddb989ed2e332) Importer(815301076,1909f56bfc062723c751e8b465ee728b)  -> (artifact id: 'd9245340c44d2f2b405a545044ae2d4e') in 0.004264 seconds
  Import took 0.009111 seconds .

========================================================================
Received Import Request.
  Time since last request: 0.007184 seconds.
  path: Assets/VFX/Death Pixels.vfx
  artifactKey: Guid(8427528ac33610b40abddb989ed2e332) Importer(815301076,1909f56bfc062723c751e8b465ee728b)
Start importing Assets/VFX/Death Pixels.vfx using Guid(8427528ac33610b40abddb989ed2e332) Importer(815301076,1909f56bfc062723c751e8b465ee728b)  -> (artifact id: 'd9245340c44d2f2b405a545044ae2d4e') in 0.006730 seconds
  Import took 0.012944 seconds .

========================================================================
Received Import Request.
  Time since last request: 4.331164 seconds.
  path: Assets/VFX/Death Pixels.vfx
  artifactKey: Guid(8427528ac33610b40abddb989ed2e332) Importer(815301076,1909f56bfc062723c751e8b465ee728b)
Start importing Assets/VFX/Death Pixels.vfx using Guid(8427528ac33610b40abddb989ed2e332) Importer(815301076,1909f56bfc062723c751e8b465ee728b)  -> (artifact id: 'd9dd53d420cb0205e48eb7d40f8df942') in 0.003458 seconds
  Import took 0.008176 seconds .

========================================================================
Received Import Request.
  Time since last request: 0.008285 seconds.
  path: Assets/VFX/Death Pixels.vfx
  artifactKey: Guid(8427528ac33610b40abddb989ed2e332) Importer(815301076,1909f56bfc062723c751e8b465ee728b)
Start importing Assets/VFX/Death Pixels.vfx using Guid(8427528ac33610b40abddb989ed2e332) Importer(815301076,1909f56bfc062723c751e8b465ee728b)  -> (artifact id: 'd9dd53d420cb0205e48eb7d40f8df942') in 0.003248 seconds
  Import took 0.009310 seconds .

========================================================================
Received Import Request.
  Time since last request: 0.680153 seconds.
  path: Assets/VFX/Death Pixels.vfx
  artifactKey: Guid(8427528ac33610b40abddb989ed2e332) Importer(815301076,1909f56bfc062723c751e8b465ee728b)
Start importing Assets/VFX/Death Pixels.vfx using Guid(8427528ac33610b40abddb989ed2e332) Importer(815301076,1909f56bfc062723c751e8b465ee728b)  -> (artifact id: 'd332bbaa0e73a34c5603d93964892398') in 0.005761 seconds
  Import took 0.011385 seconds .

========================================================================
Received Import Request.
  Time since last request: 0.010309 seconds.
  path: Assets/VFX/Death Pixels.vfx
  artifactKey: Guid(8427528ac33610b40abddb989ed2e332) Importer(815301076,1909f56bfc062723c751e8b465ee728b)
Start importing Assets/VFX/Death Pixels.vfx using Guid(8427528ac33610b40abddb989ed2e332) Importer(815301076,1909f56bfc062723c751e8b465ee728b)  -> (artifact id: 'd332bbaa0e73a34c5603d93964892398') in 0.004861 seconds
  Import took 0.011037 seconds .

========================================================================
Received Import Request.
  Time since last request: 50.101258 seconds.
  path: Assets/VFX/Death Pixels.vfx
  artifactKey: Guid(8427528ac33610b40abddb989ed2e332) Importer(815301076,1909f56bfc062723c751e8b465ee728b)
Start importing Assets/VFX/Death Pixels.vfx using Guid(8427528ac33610b40abddb989ed2e332) Importer(815301076,1909f56bfc062723c751e8b465ee728b)  -> (artifact id: 'cfd839850f23af2d8215619f1bca134c') in 0.004963 seconds
  Import took 0.011472 seconds .

========================================================================
Received Import Request.
  Time since last request: 0.014643 seconds.
  path: Assets/VFX/Death Pixels.vfx
  artifactKey: Guid(8427528ac33610b40abddb989ed2e332) Importer(815301076,1909f56bfc062723c751e8b465ee728b)
Start importing Assets/VFX/Death Pixels.vfx using Guid(8427528ac33610b40abddb989ed2e332) Importer(815301076,1909f56bfc062723c751e8b465ee728b)  -> (artifact id: 'cfd839850f23af2d8215619f1bca134c') in 0.003352 seconds
  Import took 0.009718 seconds .

========================================================================
Received Import Request.
  Time since last request: 5.091078 seconds.
  path: Assets/VFX/Death Pixels.vfx
  artifactKey: Guid(8427528ac33610b40abddb989ed2e332) Importer(815301076,1909f56bfc062723c751e8b465ee728b)
Start importing Assets/VFX/Death Pixels.vfx using Guid(8427528ac33610b40abddb989ed2e332) Importer(815301076,1909f56bfc062723c751e8b465ee728b)  -> (artifact id: '466951ad3647ece802dc556716541fb9') in 0.004436 seconds
  Import took 0.011059 seconds .

========================================================================
Received Import Request.
  Time since last request: 0.017353 seconds.
  path: Assets/VFX/Death Pixels.vfx
  artifactKey: Guid(8427528ac33610b40abddb989ed2e332) Importer(815301076,1909f56bfc062723c751e8b465ee728b)
Start importing Assets/VFX/Death Pixels.vfx using Guid(8427528ac33610b40abddb989ed2e332) Importer(815301076,1909f56bfc062723c751e8b465ee728b)  -> (artifact id: '466951ad3647ece802dc556716541fb9') in 0.003671 seconds
  Import took 0.009388 seconds .

========================================================================
Received Import Request.
  Time since last request: 2.218855 seconds.
  path: Assets/VFX/Death Pixels.vfx
  artifactKey: Guid(8427528ac33610b40abddb989ed2e332) Importer(815301076,1909f56bfc062723c751e8b465ee728b)
Start importing Assets/VFX/Death Pixels.vfx using Guid(8427528ac33610b40abddb989ed2e332) Importer(815301076,1909f56bfc062723c751e8b465ee728b)  -> (artifact id: '24db31656a8ce9f694a9e512be06190f') in 0.004328 seconds
  Import took 0.009085 seconds .

========================================================================
Received Import Request.
  Time since last request: 0.006873 seconds.
  path: Assets/VFX/Death Pixels.vfx
  artifactKey: Guid(8427528ac33610b40abddb989ed2e332) Importer(815301076,1909f56bfc062723c751e8b465ee728b)
Start importing Assets/VFX/Death Pixels.vfx using Guid(8427528ac33610b40abddb989ed2e332) Importer(815301076,1909f56bfc062723c751e8b465ee728b)  -> (artifact id: '24db31656a8ce9f694a9e512be06190f') in 0.003772 seconds
  Import took 0.010005 seconds .

========================================================================
Received Import Request.
  Time since last request: 22.159252 seconds.
  path: Assets/VFX/Death Pixels.vfx
  artifactKey: Guid(8427528ac33610b40abddb989ed2e332) Importer(815301076,1909f56bfc062723c751e8b465ee728b)
Start importing Assets/VFX/Death Pixels.vfx using Guid(8427528ac33610b40abddb989ed2e332) Importer(815301076,1909f56bfc062723c751e8b465ee728b)  -> (artifact id: '79e4ad14448cd60bd2c6a0105082b830') in 0.003211 seconds
  Import took 0.008075 seconds .

========================================================================
Received Import Request.
  Time since last request: 0.023452 seconds.
  path: Assets/VFX/Death Pixels.vfx
  artifactKey: Guid(8427528ac33610b40abddb989ed2e332) Importer(815301076,1909f56bfc062723c751e8b465ee728b)
Start importing Assets/VFX/Death Pixels.vfx using Guid(8427528ac33610b40abddb989ed2e332) Importer(815301076,1909f56bfc062723c751e8b465ee728b)  -> (artifact id: '79e4ad14448cd60bd2c6a0105082b830') in 0.003388 seconds
  Import took 0.009677 seconds .

========================================================================
Received Import Request.
  Time since last request: 13.957920 seconds.
  path: Assets/VFX/Death Pixels.vfx
  artifactKey: Guid(8427528ac33610b40abddb989ed2e332) Importer(815301076,1909f56bfc062723c751e8b465ee728b)
Start importing Assets/VFX/Death Pixels.vfx using Guid(8427528ac33610b40abddb989ed2e332) Importer(815301076,1909f56bfc062723c751e8b465ee728b)  -> (artifact id: '42dfcfa64f77f7d8ac2f53e769c80923') in 0.003463 seconds
  Import took 0.009468 seconds .

========================================================================
Received Import Request.
  Time since last request: 9.578709 seconds.
  path: Assets/VFX/Death Pixels.vfx
  artifactKey: Guid(8427528ac33610b40abddb989ed2e332) Importer(815301076,1909f56bfc062723c751e8b465ee728b)
Start importing Assets/VFX/Death Pixels.vfx using Guid(8427528ac33610b40abddb989ed2e332) Importer(815301076,1909f56bfc062723c751e8b465ee728b)  -> (artifact id: '30b9542c4a50d65e95d878d13696f4a1') in 0.005220 seconds
  Import took 0.012767 seconds .

========================================================================
Received Import Request.
  Time since last request: 0.006875 seconds.
  path: Assets/VFX/Death Pixels.vfx
  artifactKey: Guid(8427528ac33610b40abddb989ed2e332) Importer(815301076,1909f56bfc062723c751e8b465ee728b)
Start importing Assets/VFX/Death Pixels.vfx using Guid(8427528ac33610b40abddb989ed2e332) Importer(815301076,1909f56bfc062723c751e8b465ee728b)  -> (artifact id: '30b9542c4a50d65e95d878d13696f4a1') in 0.003826 seconds
  Import took 0.009282 seconds .

========================================================================
Received Import Request.
  Time since last request: 57.530959 seconds.
  path: Assets/VFX/Death Pixels.vfx
  artifactKey: Guid(8427528ac33610b40abddb989ed2e332) Importer(815301076,1909f56bfc062723c751e8b465ee728b)
Start importing Assets/VFX/Death Pixels.vfx using Guid(8427528ac33610b40abddb989ed2e332) Importer(815301076,1909f56bfc062723c751e8b465ee728b)  -> (artifact id: 'd526d9c85763933a56cd3ef9b37b0862') in 0.003282 seconds
  Import took 0.008715 seconds .

========================================================================
Received Import Request.
  Time since last request: 0.013422 seconds.
  path: Assets/VFX/Death Pixels.vfx
  artifactKey: Guid(8427528ac33610b40abddb989ed2e332) Importer(815301076,1909f56bfc062723c751e8b465ee728b)
Start importing Assets/VFX/Death Pixels.vfx using Guid(8427528ac33610b40abddb989ed2e332) Importer(815301076,1909f56bfc062723c751e8b465ee728b)  -> (artifact id: 'd526d9c85763933a56cd3ef9b37b0862') in 0.004274 seconds
  Import took 0.009082 seconds .

========================================================================
Received Prepare
Registering precompiled user dll's ...
Registered in 0.001234 seconds.
Begin MonoManager ReloadAssembly
Native extension for WindowsStandalone target not found
Refreshing native plugins compatible for Editor in 0.49 ms, found 0 plugins.
Preloading 0 native plugins for Editor in 0.00 ms.
Mono: successfully reloaded assembly
- Completed reload, in  0.937 seconds
Platform modules already initialized, skipping
Shader 'Universal Render Pipeline/Particles/Lit': fallback shader 'Universal Render Pipeline/Particles/SimpleLit' not found
Shader 'Universal Render Pipeline/Particles/Lit': fallback shader 'Universal Render Pipeline/Particles/SimpleLit' not found
Refreshing native plugins compatible for Editor in 0.45 ms, found 0 plugins.
Preloading 0 native plugins for Editor in 0.00 ms.
Unloading 2861 Unused Serialized files (Serialized files now loaded: 0)
System memory in use before: 127.4 MB.
System memory in use after: 125.2 MB.

Unloading 33 unused Assets to reduce memory usage. Loaded Objects now: 3418.
Total: 4.111200 ms (FindLiveObjects: 0.313200 ms CreateObjectMapping: 0.159500 ms MarkObjects: 2.006500 ms  DeleteObjects: 1.630300 ms)

========================================================================
Received Import Request.
  Time since last request: 132.073158 seconds.
  path: Assets/VFX/Death Pixels.vfx
  artifactKey: Guid(8427528ac33610b40abddb989ed2e332) Importer(815301076,1909f56bfc062723c751e8b465ee728b)
Start importing Assets/VFX/Death Pixels.vfx using Guid(8427528ac33610b40abddb989ed2e332) Importer(815301076,1909f56bfc062723c751e8b465ee728b)  -> (artifact id: '32f006c2a156b946d89127f70ea2c326') in 0.015175 seconds
  Import took 0.019843 seconds .

========================================================================
Received Import Request.
  Time since last request: 11.164827 seconds.
  path: Assets/VFX/Death Pixels.prefab
  artifactKey: Guid(da4733ea7e13eea439a4651f1e3c4a9b) Importer(815301076,1909f56bfc062723c751e8b465ee728b)
Start importing Assets/VFX/Death Pixels.prefab using Guid(da4733ea7e13eea439a4651f1e3c4a9b) Importer(815301076,1909f56bfc062723c751e8b465ee728b)  -> (artifact id: 'a996019432520ecd798adc8eea359d51') in 0.043466 seconds
  Import took 0.049382 seconds .

========================================================================
Received Import Request.
  Time since last request: 0.002829 seconds.
  path: Assets/VFX/Death Pixels.prefab
  artifactKey: Guid(da4733ea7e13eea439a4651f1e3c4a9b) Importer(815301076,1909f56bfc062723c751e8b465ee728b)
Start importing Assets/VFX/Death Pixels.prefab using Guid(da4733ea7e13eea439a4651f1e3c4a9b) Importer(815301076,1909f56bfc062723c751e8b465ee728b)  -> (artifact id: 'a996019432520ecd798adc8eea359d51') in 0.007018 seconds
  Import took 0.012020 seconds .

========================================================================
Received Prepare
Registering precompiled user dll's ...
Registered in 0.001238 seconds.
Begin MonoManager ReloadAssembly
Native extension for WindowsStandalone target not found
Refreshing native plugins compatible for Editor in 0.48 ms, found 0 plugins.
Preloading 0 native plugins for Editor in 0.00 ms.
Mono: successfully reloaded assembly
- Completed reload, in  0.961 seconds
Platform modules already initialized, skipping
Shader 'Universal Render Pipeline/Particles/Lit': fallback shader 'Universal Render Pipeline/Particles/SimpleLit' not found
Shader 'Universal Render Pipeline/Particles/Lit': fallback shader 'Universal Render Pipeline/Particles/SimpleLit' not found
Refreshing native plugins compatible for Editor in 0.43 ms, found 0 plugins.
Preloading 0 native plugins for Editor in 0.00 ms.
Unloading 2861 Unused Serialized files (Serialized files now loaded: 0)
System memory in use before: 127.5 MB.
System memory in use after: 125.2 MB.

Unloading 34 unused Assets to reduce memory usage. Loaded Objects now: 3421.
Total: 4.095400 ms (FindLiveObjects: 0.409900 ms CreateObjectMapping: 0.178600 ms MarkObjects: 2.037900 ms  DeleteObjects: 1.467600 ms)

========================================================================
Received Prepare
Registering precompiled user dll's ...
Registered in 0.002195 seconds.
Begin MonoManager ReloadAssembly
Native extension for WindowsStandalone target not found
Refreshing native plugins compatible for Editor in 0.45 ms, found 0 plugins.
Preloading 0 native plugins for Editor in 0.00 ms.
Mono: successfully reloaded assembly
- Completed reload, in  0.941 seconds
Platform modules already initialized, skipping
Shader 'Universal Render Pipeline/Particles/Lit': fallback shader 'Universal Render Pipeline/Particles/SimpleLit' not found
Shader 'Universal Render Pipeline/Particles/Lit': fallback shader 'Universal Render Pipeline/Particles/SimpleLit' not found
Refreshing native plugins compatible for Editor in 0.43 ms, found 0 plugins.
Preloading 0 native plugins for Editor in 0.00 ms.
Unloading 2861 Unused Serialized files (Serialized files now loaded: 0)
System memory in use before: 127.5 MB.
System memory in use after: 125.2 MB.

Unloading 33 unused Assets to reduce memory usage. Loaded Objects now: 3424.
Total: 3.441300 ms (FindLiveObjects: 0.254400 ms CreateObjectMapping: 0.119000 ms MarkObjects: 1.822200 ms  DeleteObjects: 1.244700 ms)

========================================================================
Received Prepare
Registering precompiled user dll's ...
Registered in 0.001271 seconds.
Begin MonoManager ReloadAssembly
Native extension for WindowsStandalone target not found
Refreshing native plugins compatible for Editor in 0.42 ms, found 0 plugins.
Preloading 0 native plugins for Editor in 0.00 ms.
Mono: successfully reloaded assembly
- Completed reload, in  0.888 seconds
Platform modules already initialized, skipping
Shader 'Universal Render Pipeline/Particles/Lit': fallback shader 'Universal Render Pipeline/Particles/SimpleLit' not found
Shader 'Universal Render Pipeline/Particles/Lit': fallback shader 'Universal Render Pipeline/Particles/SimpleLit' not found
Refreshing native plugins compatible for Editor in 0.47 ms, found 0 plugins.
Preloading 0 native plugins for Editor in 0.00 ms.
Unloading 2861 Unused Serialized files (Serialized files now loaded: 0)
System memory in use before: 127.4 MB.
System memory in use after: 125.2 MB.

Unloading 33 unused Assets to reduce memory usage. Loaded Objects now: 3427.
Total: 4.862100 ms (FindLiveObjects: 0.430900 ms CreateObjectMapping: 0.254100 ms MarkObjects: 2.703500 ms  DeleteObjects: 1.472200 ms)

========================================================================
Received Prepare
Registering precompiled user dll's ...
Registered in 0.001363 seconds.
Begin MonoManager ReloadAssembly
Native extension for WindowsStandalone target not found
Refreshing native plugins compatible for Editor in 0.43 ms, found 0 plugins.
Preloading 0 native plugins for Editor in 0.00 ms.
Mono: successfully reloaded assembly
- Completed reload, in  0.872 seconds
Platform modules already initialized, skipping
Shader 'Universal Render Pipeline/Particles/Lit': fallback shader 'Universal Render Pipeline/Particles/SimpleLit' not found
Shader 'Universal Render Pipeline/Particles/Lit': fallback shader 'Universal Render Pipeline/Particles/SimpleLit' not found
Refreshing native plugins compatible for Editor in 0.43 ms, found 0 plugins.
Preloading 0 native plugins for Editor in 0.00 ms.
Unloading 2861 Unused Serialized files (Serialized files now loaded: 0)
System memory in use before: 127.4 MB.
System memory in use after: 125.2 MB.

Unloading 33 unused Assets to reduce memory usage. Loaded Objects now: 3430.
Total: 3.484300 ms (FindLiveObjects: 0.298900 ms CreateObjectMapping: 0.130700 ms MarkObjects: 1.881100 ms  DeleteObjects: 1.172600 ms)

========================================================================
Received Import Request.
  Time since last request: 192.034607 seconds.
  path: Assets/VFX/Death Pixels.vfx
  artifactKey: Guid(8427528ac33610b40abddb989ed2e332) Importer(815301076,1909f56bfc062723c751e8b465ee728b)
Start importing Assets/VFX/Death Pixels.vfx using Guid(8427528ac33610b40abddb989ed2e332) Importer(815301076,1909f56bfc062723c751e8b465ee728b)  -> (artifact id: 'b9d386880a87a9f557fc5ea516140cd7') in 0.017803 seconds
  Import took 0.024996 seconds .

========================================================================
Received Import Request.
  Time since last request: 125.806660 seconds.
  path: Assets/VFX/Death Pixels.vfx
  artifactKey: Guid(8427528ac33610b40abddb989ed2e332) Importer(815301076,1909f56bfc062723c751e8b465ee728b)
Start importing Assets/VFX/Death Pixels.vfx using Guid(8427528ac33610b40abddb989ed2e332) Importer(815301076,1909f56bfc062723c751e8b465ee728b)  -> (artifact id: 'cfbffe006625741787809b92e2b59eaf') in 0.004304 seconds
  Import took 0.009257 seconds .

========================================================================
Received Import Request.
  Time since last request: 0.008351 seconds.
  path: Assets/VFX/Death Pixels.vfx
  artifactKey: Guid(8427528ac33610b40abddb989ed2e332) Importer(815301076,1909f56bfc062723c751e8b465ee728b)
Start importing Assets/VFX/Death Pixels.vfx using Guid(8427528ac33610b40abddb989ed2e332) Importer(815301076,1909f56bfc062723c751e8b465ee728b)  -> (artifact id: 'cfbffe006625741787809b92e2b59eaf') in 0.005868 seconds
  Import took 0.012264 seconds .

========================================================================
Received Import Request.
  Time since last request: 14.525295 seconds.
  path: Assets/VFX/Death Pixels.vfx
  artifactKey: Guid(8427528ac33610b40abddb989ed2e332) Importer(815301076,1909f56bfc062723c751e8b465ee728b)
Start importing Assets/VFX/Death Pixels.vfx using Guid(8427528ac33610b40abddb989ed2e332) Importer(815301076,1909f56bfc062723c751e8b465ee728b)  -> (artifact id: '35098f3ef08dc7d0693818b2a66d9cbb') in 0.003798 seconds
  Import took 0.008434 seconds .

========================================================================
Received Import Request.
  Time since last request: 0.007963 seconds.
  path: Assets/VFX/Death Pixels.vfx
  artifactKey: Guid(8427528ac33610b40abddb989ed2e332) Importer(815301076,1909f56bfc062723c751e8b465ee728b)
Start importing Assets/VFX/Death Pixels.vfx using Guid(8427528ac33610b40abddb989ed2e332) Importer(815301076,1909f56bfc062723c751e8b465ee728b)  -> (artifact id: '35098f3ef08dc7d0693818b2a66d9cbb') in 0.004503 seconds
  Import took 0.010715 seconds .

========================================================================
Received Import Request.
  Time since last request: 7.896999 seconds.
  path: Assets/VFX/Death Pixels.vfx
  artifactKey: Guid(8427528ac33610b40abddb989ed2e332) Importer(815301076,1909f56bfc062723c751e8b465ee728b)
Start importing Assets/VFX/Death Pixels.vfx using Guid(8427528ac33610b40abddb989ed2e332) Importer(815301076,1909f56bfc062723c751e8b465ee728b)  -> (artifact id: '30f9014870fb7833e8607bf995df6cb3') in 0.004778 seconds
  Import took 0.010342 seconds .

========================================================================
Received Import Request.
  Time since last request: 0.007393 seconds.
  path: Assets/VFX/Death Pixels.vfx
  artifactKey: Guid(8427528ac33610b40abddb989ed2e332) Importer(815301076,1909f56bfc062723c751e8b465ee728b)
Start importing Assets/VFX/Death Pixels.vfx using Guid(8427528ac33610b40abddb989ed2e332) Importer(815301076,1909f56bfc062723c751e8b465ee728b)  -> (artifact id: '30f9014870fb7833e8607bf995df6cb3') in 0.003718 seconds
  Import took 0.010176 seconds .

========================================================================
Received Import Request.
  Time since last request: 16.605510 seconds.
  path: Assets/VFX/Death Pixels.vfx
  artifactKey: Guid(8427528ac33610b40abddb989ed2e332) Importer(815301076,1909f56bfc062723c751e8b465ee728b)
Start importing Assets/VFX/Death Pixels.vfx using Guid(8427528ac33610b40abddb989ed2e332) Importer(815301076,1909f56bfc062723c751e8b465ee728b)  -> (artifact id: '6de58ba8f304608a4f8b63499e34917d') in 0.003583 seconds
  Import took 0.008042 seconds .

========================================================================
Received Import Request.
  Time since last request: 0.015062 seconds.
  path: Assets/VFX/Death Pixels.vfx
  artifactKey: Guid(8427528ac33610b40abddb989ed2e332) Importer(815301076,1909f56bfc062723c751e8b465ee728b)
Start importing Assets/VFX/Death Pixels.vfx using Guid(8427528ac33610b40abddb989ed2e332) Importer(815301076,1909f56bfc062723c751e8b465ee728b)  -> (artifact id: '6de58ba8f304608a4f8b63499e34917d') in 0.003745 seconds
  Import took 0.009010 seconds .

========================================================================
Received Prepare
Registering precompiled user dll's ...
Registered in 0.001235 seconds.
Begin MonoManager ReloadAssembly
Native extension for WindowsStandalone target not found
Refreshing native plugins compatible for Editor in 0.68 ms, found 0 plugins.
Preloading 0 native plugins for Editor in 0.00 ms.
Mono: successfully reloaded assembly
- Completed reload, in  0.965 seconds
Platform modules already initialized, skipping
Shader 'Universal Render Pipeline/Particles/Lit': fallback shader 'Universal Render Pipeline/Particles/SimpleLit' not found
Shader 'Universal Render Pipeline/Particles/Lit': fallback shader 'Universal Render Pipeline/Particles/SimpleLit' not found
Refreshing native plugins compatible for Editor in 0.44 ms, found 0 plugins.
Preloading 0 native plugins for Editor in 0.00 ms.
Unloading 2862 Unused Serialized files (Serialized files now loaded: 0)
System memory in use before: 127.5 MB.
System memory in use after: 125.3 MB.

Unloading 33 unused Assets to reduce memory usage. Loaded Objects now: 3434.
Total: 31.796800 ms (FindLiveObjects: 0.576800 ms CreateObjectMapping: 0.283800 ms MarkObjects: 17.671000 ms  DeleteObjects: 13.263100 ms)

========================================================================
Received Prepare
Registering precompiled user dll's ...
Registered in 0.001634 seconds.
Begin MonoManager ReloadAssembly
Native extension for WindowsStandalone target not found
Refreshing native plugins compatible for Editor in 0.45 ms, found 0 plugins.
Preloading 0 native plugins for Editor in 0.00 ms.
Mono: successfully reloaded assembly
- Completed reload, in  0.954 seconds
Platform modules already initialized, skipping
Shader 'Universal Render Pipeline/Particles/Lit': fallback shader 'Universal Render Pipeline/Particles/SimpleLit' not found
Shader 'Universal Render Pipeline/Particles/Lit': fallback shader 'Universal Render Pipeline/Particles/SimpleLit' not found
Refreshing native plugins compatible for Editor in 0.43 ms, found 0 plugins.
Preloading 0 native plugins for Editor in 0.00 ms.
Unloading 2862 Unused Serialized files (Serialized files now loaded: 0)
System memory in use before: 127.5 MB.
System memory in use after: 125.3 MB.

Unloading 33 unused Assets to reduce memory usage. Loaded Objects now: 3437.
Total: 4.749500 ms (FindLiveObjects: 0.461200 ms CreateObjectMapping: 0.230900 ms MarkObjects: 2.673400 ms  DeleteObjects: 1.382600 ms)

========================================================================
Received Import Request.
  Time since last request: 161.229640 seconds.
  path: Assets/VFX/Death Pixels.prefab
  artifactKey: Guid(da4733ea7e13eea439a4651f1e3c4a9b) Importer(815301076,1909f56bfc062723c751e8b465ee728b)
Start importing Assets/VFX/Death Pixels.prefab using Guid(da4733ea7e13eea439a4651f1e3c4a9b) Importer(815301076,1909f56bfc062723c751e8b465ee728b)  -> (artifact id: 'b63da51f416acd44fef3e431f37104da') in 0.033497 seconds
  Import took 0.038426 seconds .

========================================================================
Received Import Request.
  Time since last request: 0.033470 seconds.
  path: Assets/VFX/Death Pixels.prefab
  artifactKey: Guid(da4733ea7e13eea439a4651f1e3c4a9b) Importer(815301076,1909f56bfc062723c751e8b465ee728b)
Start importing Assets/VFX/Death Pixels.prefab using Guid(da4733ea7e13eea439a4651f1e3c4a9b) Importer(815301076,1909f56bfc062723c751e8b465ee728b)  -> (artifact id: 'b63da51f416acd44fef3e431f37104da') in 0.006816 seconds
  Import took 0.011423 seconds .

========================================================================
Received Prepare
Registering precompiled user dll's ...
Registered in 0.001411 seconds.
Begin MonoManager ReloadAssembly
Native extension for WindowsStandalone target not found
Refreshing native plugins compatible for Editor in 0.55 ms, found 0 plugins.
Preloading 0 native plugins for Editor in 0.00 ms.
Mono: successfully reloaded assembly
- Completed reload, in  0.877 seconds
Platform modules already initialized, skipping
Shader 'Universal Render Pipeline/Particles/Lit': fallback shader 'Universal Render Pipeline/Particles/SimpleLit' not found
Shader 'Universal Render Pipeline/Particles/Lit': fallback shader 'Universal Render Pipeline/Particles/SimpleLit' not found
Refreshing native plugins compatible for Editor in 0.50 ms, found 0 plugins.
Preloading 0 native plugins for Editor in 0.00 ms.
Unloading 2862 Unused Serialized files (Serialized files now loaded: 0)
System memory in use before: 127.5 MB.
System memory in use after: 125.3 MB.

Unloading 34 unused Assets to reduce memory usage. Loaded Objects now: 3440.
Total: 4.226200 ms (FindLiveObjects: 0.304800 ms CreateObjectMapping: 0.152200 ms MarkObjects: 2.232600 ms  DeleteObjects: 1.535100 ms)

========================================================================
Received Prepare
Registering precompiled user dll's ...
Registered in 0.001307 seconds.
Begin MonoManager ReloadAssembly
Native extension for WindowsStandalone target not found
Refreshing native plugins compatible for Editor in 0.46 ms, found 0 plugins.
Preloading 0 native plugins for Editor in 0.00 ms.
Mono: successfully reloaded assembly
- Completed reload, in  0.875 seconds
Platform modules already initialized, skipping
Shader 'Universal Render Pipeline/Particles/Lit': fallback shader 'Universal Render Pipeline/Particles/SimpleLit' not found
Shader 'Universal Render Pipeline/Particles/Lit': fallback shader 'Universal Render Pipeline/Particles/SimpleLit' not found
Refreshing native plugins compatible for Editor in 0.42 ms, found 0 plugins.
Preloading 0 native plugins for Editor in 0.00 ms.
Unloading 2862 Unused Serialized files (Serialized files now loaded: 0)
System memory in use before: 127.5 MB.
System memory in use after: 125.3 MB.

Unloading 33 unused Assets to reduce memory usage. Loaded Objects now: 3443.
Total: 3.615600 ms (FindLiveObjects: 0.295600 ms CreateObjectMapping: 0.140500 ms MarkObjects: 1.892500 ms  DeleteObjects: 1.286000 ms)

========================================================================
Received Prepare
Registering precompiled user dll's ...
Registered in 0.001381 seconds.
Begin MonoManager ReloadAssembly
Native extension for WindowsStandalone target not found
Refreshing native plugins compatible for Editor in 0.42 ms, found 0 plugins.
Preloading 0 native plugins for Editor in 0.00 ms.
Mono: successfully reloaded assembly
- Completed reload, in  0.889 seconds
Platform modules already initialized, skipping
Shader 'Universal Render Pipeline/Particles/Lit': fallback shader 'Universal Render Pipeline/Particles/SimpleLit' not found
Shader 'Universal Render Pipeline/Particles/Lit': fallback shader 'Universal Render Pipeline/Particles/SimpleLit' not found
Refreshing native plugins compatible for Editor in 0.83 ms, found 0 plugins.
Preloading 0 native plugins for Editor in 0.00 ms.
Unloading 2862 Unused Serialized files (Serialized files now loaded: 0)
System memory in use before: 127.5 MB.
System memory in use after: 125.3 MB.

Unloading 33 unused Assets to reduce memory usage. Loaded Objects now: 3446.
Total: 4.609000 ms (FindLiveObjects: 0.383100 ms CreateObjectMapping: 0.229400 ms MarkObjects: 2.558600 ms  DeleteObjects: 1.436600 ms)

========================================================================
Received Prepare
Registering precompiled user dll's ...
Registered in 0.001535 seconds.
Begin MonoManager ReloadAssembly
Native extension for WindowsStandalone target not found
Refreshing native plugins compatible for Editor in 0.45 ms, found 0 plugins.
Preloading 0 native plugins for Editor in 0.00 ms.
Mono: successfully reloaded assembly
- Completed reload, in  0.889 seconds
Platform modules already initialized, skipping
Shader 'Universal Render Pipeline/Particles/Lit': fallback shader 'Universal Render Pipeline/Particles/SimpleLit' not found
Shader 'Universal Render Pipeline/Particles/Lit': fallback shader 'Universal Render Pipeline/Particles/SimpleLit' not found
Refreshing native plugins compatible for Editor in 0.45 ms, found 0 plugins.
Preloading 0 native plugins for Editor in 0.00 ms.
Unloading 2862 Unused Serialized files (Serialized files now loaded: 0)
System memory in use before: 127.5 MB.
System memory in use after: 125.3 MB.

Unloading 33 unused Assets to reduce memory usage. Loaded Objects now: 3449.
Total: 3.687400 ms (FindLiveObjects: 0.307900 ms CreateObjectMapping: 0.129100 ms MarkObjects: 1.831900 ms  DeleteObjects: 1.417200 ms)

========================================================================
Received Import Request.
  Time since last request: 312.607622 seconds.
  path: Assets/VFX/Death Pixels.prefab
  artifactKey: Guid(da4733ea7e13eea439a4651f1e3c4a9b) Importer(815301076,1909f56bfc062723c751e8b465ee728b)
Start importing Assets/VFX/Death Pixels.prefab using Guid(da4733ea7e13eea439a4651f1e3c4a9b) Importer(815301076,1909f56bfc062723c751e8b465ee728b)  -> (artifact id: 'dec7f6fddf7c82feeeda3468f25706aa') in 0.029487 seconds
  Import took 0.036038 seconds .

========================================================================
Received Import Request.
  Time since last request: 34.331038 seconds.
  path: Assets/LookAtPlayer.cs
  artifactKey: Guid(bb64fa8696b7cff40939e1e8d1803d6f) Importer(815301076,1909f56bfc062723c751e8b465ee728b)
Start importing Assets/LookAtPlayer.cs using Guid(bb64fa8696b7cff40939e1e8d1803d6f) Importer(815301076,1909f56bfc062723c751e8b465ee728b)  -> (artifact id: '6d4f72f7ec1306f94dd122d5f02f48ae') in 0.007478 seconds
  Import took 0.011866 seconds .

========================================================================
Received Prepare
Registering precompiled user dll's ...
Registered in 0.001272 seconds.
Begin MonoManager ReloadAssembly
Native extension for WindowsStandalone target not found
Refreshing native plugins compatible for Editor in 0.44 ms, found 0 plugins.
Preloading 0 native plugins for Editor in 0.00 ms.
Mono: successfully reloaded assembly
- Completed reload, in  0.880 seconds
Platform modules already initialized, skipping
Shader 'Universal Render Pipeline/Particles/Lit': fallback shader 'Universal Render Pipeline/Particles/SimpleLit' not found
Shader 'Universal Render Pipeline/Particles/Lit': fallback shader 'Universal Render Pipeline/Particles/SimpleLit' not found
Refreshing native plugins compatible for Editor in 0.45 ms, found 0 plugins.
Preloading 0 native plugins for Editor in 0.00 ms.
Unloading 2862 Unused Serialized files (Serialized files now loaded: 0)
System memory in use before: 127.6 MB.
System memory in use after: 125.3 MB.

Unloading 34 unused Assets to reduce memory usage. Loaded Objects now: 3452.
Total: 4.611700 ms (FindLiveObjects: 0.315800 ms CreateObjectMapping: 0.171500 ms MarkObjects: 2.345500 ms  DeleteObjects: 1.777000 ms)

========================================================================
Received Import Request.
  Time since last request: 106.225192 seconds.
  path: Assets/LookAtPlayer.cs
  artifactKey: Guid(bb64fa8696b7cff40939e1e8d1803d6f) Importer(815301076,1909f56bfc062723c751e8b465ee728b)
Start importing Assets/LookAtPlayer.cs using Guid(bb64fa8696b7cff40939e1e8d1803d6f) Importer(815301076,1909f56bfc062723c751e8b465ee728b)  -> (artifact id: '9015a997818c9e794d125981981cf469') in 0.006587 seconds
  Import took 0.011822 seconds .

========================================================================
Received Import Request.
  Time since last request: 11.261661 seconds.
  path: Assets/Settings/SampleSceneProfile.asset
  artifactKey: Guid(10fc4df2da32a41aaa32d77bc913491c) Importer(815301076,1909f56bfc062723c751e8b465ee728b)
Start importing Assets/Settings/SampleSceneProfile.asset using Guid(10fc4df2da32a41aaa32d77bc913491c) Importer(815301076,1909f56bfc062723c751e8b465ee728b)  -> (artifact id: '2b2ac2a25dc4940c3b1124acd00e0b6e') in 0.026461 seconds
  Import took 0.031842 seconds .

========================================================================
Received Import Request.
  Time since last request: 14.110850 seconds.
  path: Assets/VFX/Death Pixels.prefab
  artifactKey: Guid(da4733ea7e13eea439a4651f1e3c4a9b) Importer(815301076,1909f56bfc062723c751e8b465ee728b)
Start importing Assets/VFX/Death Pixels.prefab using Guid(da4733ea7e13eea439a4651f1e3c4a9b) Importer(815301076,1909f56bfc062723c751e8b465ee728b)  -> (artifact id: '5948f7f57cfea507aaa49a032ee7a129') in 0.023336 seconds
  Import took 0.029394 seconds .

========================================================================
Received Import Request.
  Time since last request: 119.748126 seconds.
  path: Assets/Shaders/GlowyShader.shadergraph
  artifactKey: Guid(dedc2ef37f941064c802045c9a3464d8) Importer(815301076,1909f56bfc062723c751e8b465ee728b)
Start importing Assets/Shaders/GlowyShader.shadergraph using Guid(dedc2ef37f941064c802045c9a3464d8) Importer(815301076,1909f56bfc062723c751e8b465ee728b)  -> (artifact id: 'b726b0b778322b7c17a1823b9cd76793') in 0.008591 seconds
  Import took 0.013632 seconds .

========================================================================
Received Import Request.
  Time since last request: 0.791985 seconds.
  path: Assets/Shaders/GlowyShader.shadergraph
  artifactKey: Guid(dedc2ef37f941064c802045c9a3464d8) Importer(815301076,1909f56bfc062723c751e8b465ee728b)
Start importing Assets/Shaders/GlowyShader.shadergraph using Guid(dedc2ef37f941064c802045c9a3464d8) Importer(815301076,1909f56bfc062723c751e8b465ee728b)  -> (artifact id: 'b726b0b778322b7c17a1823b9cd76793') in 0.002905 seconds
  Import took 0.007627 seconds .

========================================================================
Received Import Request.
  Time since last request: 1.653182 seconds.
  path: Assets/TextMesh Pro/Shaders
  artifactKey: Guid(e9f693669af91aa45ad615fc681ed29f) Importer(815301076,1909f56bfc062723c751e8b465ee728b)
Start importing Assets/TextMesh Pro/Shaders using Guid(e9f693669af91aa45ad615fc681ed29f) Importer(815301076,1909f56bfc062723c751e8b465ee728b)  -> (artifact id: 'ee22ed0dd1f8c3f8e27c834aff02cad7') in 0.007038 seconds
  Import took 0.012488 seconds .

========================================================================
Received Import Request.
  Time since last request: 2.227541 seconds.
  path: Assets/Shaders/EnemySprite.shadergraph
  artifactKey: Guid(2d156721cfb8f80418d7d2975a46a1a6) Importer(815301076,1909f56bfc062723c751e8b465ee728b)
Start importing Assets/Shaders/EnemySprite.shadergraph using Guid(2d156721cfb8f80418d7d2975a46a1a6) Importer(815301076,1909f56bfc062723c751e8b465ee728b)  -> (artifact id: '6fdafdcca8aeedeec8184cd49a79c08f') in 0.007361 seconds
  Import took 0.013599 seconds .

========================================================================
Received Import Request.
  Time since last request: 60.502605 seconds.
  path: Assets/Shaders/EnemySprite.shadergraph
  artifactKey: Guid(2d156721cfb8f80418d7d2975a46a1a6) Importer(815301076,1909f56bfc062723c751e8b465ee728b)
Start importing Assets/Shaders/EnemySprite.shadergraph using Guid(2d156721cfb8f80418d7d2975a46a1a6) Importer(815301076,1909f56bfc062723c751e8b465ee728b)  -> (artifact id: 'cccbaf8caee97715e81cfaf2b1d59827') in 0.003320 seconds
  Import took 0.009350 seconds .

========================================================================
Received Import Request.
  Time since last request: 6.977831 seconds.
  path: Assets/Shaders/EnemySprite.shadergraph
  artifactKey: Guid(2d156721cfb8f80418d7d2975a46a1a6) Importer(815301076,1909f56bfc062723c751e8b465ee728b)
Start importing Assets/Shaders/EnemySprite.shadergraph using Guid(2d156721cfb8f80418d7d2975a46a1a6) Importer(815301076,1909f56bfc062723c751e8b465ee728b)  -> (artifact id: 'e997064c15fe70ddd6523c1b80134ff3') in 0.002642 seconds
  Import took 0.007000 seconds .

========================================================================
Received Import Request.
  Time since last request: 462.511625 seconds.
  path: Assets/Shaders/EnemySprite.shadergraph
  artifactKey: Guid(2d156721cfb8f80418d7d2975a46a1a6) Importer(815301076,1909f56bfc062723c751e8b465ee728b)
Start importing Assets/Shaders/EnemySprite.shadergraph using Guid(2d156721cfb8f80418d7d2975a46a1a6) Importer(815301076,1909f56bfc062723c751e8b465ee728b)  -> (artifact id: '40733d0d6df0913c44b70c4cbf98355b') in 0.002867 seconds
  Import took 0.008467 seconds .

========================================================================
Received Import Request.
  Time since last request: 114.517061 seconds.
  path: Assets/Shaders/EnemySprite.shadergraph
  artifactKey: Guid(2d156721cfb8f80418d7d2975a46a1a6) Importer(815301076,1909f56bfc062723c751e8b465ee728b)
Start importing Assets/Shaders/EnemySprite.shadergraph using Guid(2d156721cfb8f80418d7d2975a46a1a6) Importer(815301076,1909f56bfc062723c751e8b465ee728b)  -> (artifact id: '787756365a70f9cc5188778b741bb6e8') in 0.002388 seconds
  Import took 0.007876 seconds .

========================================================================
Received Import Request.
  Time since last request: 10.173141 seconds.
  path: Assets/Shaders/EnemySprite.shadergraph
  artifactKey: Guid(2d156721cfb8f80418d7d2975a46a1a6) Importer(815301076,1909f56bfc062723c751e8b465ee728b)
Start importing Assets/Shaders/EnemySprite.shadergraph using Guid(2d156721cfb8f80418d7d2975a46a1a6) Importer(815301076,1909f56bfc062723c751e8b465ee728b)  -> (artifact id: '58a1dc236d7a71450ec7286e2b13738f') in 0.002780 seconds
  Import took 0.008265 seconds .

========================================================================
Received Import Request.
  Time since last request: 26.305946 seconds.
  path: Assets/Shaders/EnemySprite.shadergraph
  artifactKey: Guid(2d156721cfb8f80418d7d2975a46a1a6) Importer(815301076,1909f56bfc062723c751e8b465ee728b)
Start importing Assets/Shaders/EnemySprite.shadergraph using Guid(2d156721cfb8f80418d7d2975a46a1a6) Importer(815301076,1909f56bfc062723c751e8b465ee728b)  -> (artifact id: '39570ef994d85a592fbed442b3f3b6d0') in 0.002436 seconds
  Import took 0.006833 seconds .

========================================================================
Received Import Request.
  Time since last request: 10.884391 seconds.
  path: Assets/Shaders/EnemySprite.shadergraph
  artifactKey: Guid(2d156721cfb8f80418d7d2975a46a1a6) Importer(815301076,1909f56bfc062723c751e8b465ee728b)
Start importing Assets/Shaders/EnemySprite.shadergraph using Guid(2d156721cfb8f80418d7d2975a46a1a6) Importer(815301076,1909f56bfc062723c751e8b465ee728b)  -> (artifact id: '00f41861b47600229472d1db6a6b3382') in 0.002640 seconds
  Import took 0.007086 seconds .

========================================================================
Received Import Request.
  Time since last request: 269.027734 seconds.
  path: Assets/Shaders/EnemySprite.shadergraph
  artifactKey: Guid(2d156721cfb8f80418d7d2975a46a1a6) Importer(815301076,1909f56bfc062723c751e8b465ee728b)
Start importing Assets/Shaders/EnemySprite.shadergraph using Guid(2d156721cfb8f80418d7d2975a46a1a6) Importer(815301076,1909f56bfc062723c751e8b465ee728b)  -> (artifact id: 'f605eb069966ea0077f4033e74faeb65') in 0.003253 seconds
  Import took 0.007980 seconds .

========================================================================
Received Import Request.
  Time since last request: 19.657743 seconds.
  path: Assets/Shaders/EnemySprite.shadergraph
  artifactKey: Guid(2d156721cfb8f80418d7d2975a46a1a6) Importer(815301076,1909f56bfc062723c751e8b465ee728b)
Start importing Assets/Shaders/EnemySprite.shadergraph using Guid(2d156721cfb8f80418d7d2975a46a1a6) Importer(815301076,1909f56bfc062723c751e8b465ee728b)  -> (artifact id: 'abe22331dccb35689671e6a2c0fdbc01') in 0.002622 seconds
  Import took 0.007369 seconds .

========================================================================
Received Import Request.
  Time since last request: 55.127641 seconds.
  path: Assets/Shaders/EnemySprite.shadergraph
  artifactKey: Guid(2d156721cfb8f80418d7d2975a46a1a6) Importer(815301076,1909f56bfc062723c751e8b465ee728b)
Start importing Assets/Shaders/EnemySprite.shadergraph using Guid(2d156721cfb8f80418d7d2975a46a1a6) Importer(815301076,1909f56bfc062723c751e8b465ee728b)  -> (artifact id: 'f72504d6fdedb366dec1c9fc3f106367') in 0.002704 seconds
  Import took 0.007589 seconds .

========================================================================
Received Import Request.
  Time since last request: 33.284764 seconds.
  path: Assets/Shaders/EnemySprite.shadergraph
  artifactKey: Guid(2d156721cfb8f80418d7d2975a46a1a6) Importer(815301076,1909f56bfc062723c751e8b465ee728b)
Start importing Assets/Shaders/EnemySprite.shadergraph using Guid(2d156721cfb8f80418d7d2975a46a1a6) Importer(815301076,1909f56bfc062723c751e8b465ee728b)  -> (artifact id: '873d8fa7f057fadcb0b7d0e5c55d2cf1') in 0.003246 seconds
  Import took 0.007378 seconds .

========================================================================
Received Import Request.
  Time since last request: 4.587586 seconds.
  path: Assets/Shaders/EnemySprite.shadergraph
  artifactKey: Guid(2d156721cfb8f80418d7d2975a46a1a6) Importer(815301076,1909f56bfc062723c751e8b465ee728b)
Start importing Assets/Shaders/EnemySprite.shadergraph using Guid(2d156721cfb8f80418d7d2975a46a1a6) Importer(815301076,1909f56bfc062723c751e8b465ee728b)  -> (artifact id: '5043040933a36a79bee2a47d1db12bed') in 0.002729 seconds
  Import took 0.007173 seconds .

========================================================================
Received Import Request.
  Time since last request: 6.571454 seconds.
  path: Assets/Shaders/EnemySprite.shadergraph
  artifactKey: Guid(2d156721cfb8f80418d7d2975a46a1a6) Importer(815301076,1909f56bfc062723c751e8b465ee728b)
Start importing Assets/Shaders/EnemySprite.shadergraph using Guid(2d156721cfb8f80418d7d2975a46a1a6) Importer(815301076,1909f56bfc062723c751e8b465ee728b)  -> (artifact id: 'd08e23fdcb3664787a9ee3412f64d04b') in 0.002829 seconds
  Import took 0.007635 seconds .

========================================================================
Received Import Request.
  Time since last request: 923.696425 seconds.
  path: Assets/Shaders/EnemyPreview.mat
  artifactKey: Guid(161ecd7e07e44434da2b90a5aaf43249) Importer(815301076,1909f56bfc062723c751e8b465ee728b)
Start importing Assets/Shaders/EnemyPreview.mat using Guid(161ecd7e07e44434da2b90a5aaf43249) Importer(815301076,1909f56bfc062723c751e8b465ee728b)  -> (artifact id: '594c103e101514daa9b9415058e87cff') in 0.290975 seconds
  Import took 0.297896 seconds .

AssetImportWorkerClient::OnTransportError - code=2 error=End of file
